<?xml version="1.0" encoding="UTF-8"?>
<testsuite name="base.IndipendenteTest" tests="5" skipped="0" failures="0" errors="0" timestamp="2018-03-27T16:01:52" hostname="DESKTOP-HM31OVF" time="0.003">
  <properties/>
  <testcase name="print1" classname="base.IndipendenteTest" time="0.002"/>
  <testcase name="isGiardino" classname="base.IndipendenteTest" time="0.0"/>
  <testcase name="read" classname="base.IndipendenteTest" time="0.0"/>
  <testcase name="print" classname="base.IndipendenteTest" time="0.0"/>
  <testcase name="getnPiani" classname="base.IndipendenteTest" time="0.001"/>
  <system-out><![CDATA[]]></system-out>
  <system-err><![CDATA[]]></system-err>
</testsuite>
